C:\Program Files\Microsoft Visual Studio\2022\Community\MSBuild\Microsoft\VC\v170\Microsoft.CppBuild.targets(502,5): warning MSB8004: Intermediate Directory does not end with a trailing slash.  This build instance will add the slash as it is required to allow proper evaluation of the Intermediate Directory.
C:\Program Files\Microsoft Visual Studio\2022\Community\MSBuild\Microsoft\VC\v170\Microsoft.CppBuild.targets(503,5): warning MSB8004: Output Directory does not end with a trailing slash.  This build instance will add the slash as it is required to allow proper evaluation of the Output Directory.
  Source.c
D:\AACodebase\ConsoleEngine\BubbleSortVisualizer\src\Source.c(34,17): warning C4047: 'function': 'char *' differs in levels of indirection from 'char [20][81]'
D:\AACodebase\ConsoleEngine\BubbleSortVisualizer\src\Source.c(34,14): warning C4024: 'ENGINE_FILL': different types for formal and actual parameter 1
D:\AACodebase\ConsoleEngine\BubbleSortVisualizer\src\Source.c(36,59): warning C4047: 'function': 'char *' differs in levels of indirection from 'char [20][81]'
D:\AACodebase\ConsoleEngine\BubbleSortVisualizer\src\Source.c(36,56): warning C4024: 'ENGINE_DrawLine': different types for formal and actual parameter 5
D:\AACodebase\ConsoleEngine\BubbleSortVisualizer\src\Source.c(37,35): warning C4047: 'function': 'char *' differs in levels of indirection from 'char [20][81]'
D:\AACodebase\ConsoleEngine\BubbleSortVisualizer\src\Source.c(37,32): warning C4024: 'ENGINE_PutChar': different types for formal and actual parameter 3
D:\AACodebase\ConsoleEngine\BubbleSortVisualizer\src\Source.c(38,42): warning C4047: 'function': 'char *' differs in levels of indirection from 'char [20][81]'
D:\AACodebase\ConsoleEngine\BubbleSortVisualizer\src\Source.c(38,39): warning C4024: 'ENGINE_DrawLine': different types for formal and actual parameter 5
D:\AACodebase\ConsoleEngine\BubbleSortVisualizer\src\Source.c(62,62): warning C4047: 'function': 'char *' differs in levels of indirection from 'char [20][81]'
D:\AACodebase\ConsoleEngine\BubbleSortVisualizer\src\Source.c(62,59): warning C4024: 'ENGINE_DrawRectFilled': different types for formal and actual parameter 6
D:\AACodebase\ConsoleEngine\BubbleSortVisualizer\src\Source.c(68,108): warning C4047: 'function': 'char *' differs in levels of indirection from 'char [20][81]'
D:\AACodebase\ConsoleEngine\BubbleSortVisualizer\src\Source.c(68,105): warning C4024: 'ENGINE_DrawRectFilled': different types for formal and actual parameter 6
  Generating code
  6 of 10 functions (60.0%) were compiled, the rest were copied from previous compilation.
    0 functions were new in current compilation
    0 functions had inline decision re-evaluated but remain unchanged
  Finished generating code
  BubbleSortVisualizer.vcxproj -> D:\AACodebase\ConsoleEngine\x64\Release\BubbleSortVisualizer.exe
